$ grep -e "^Description\|^Name\|^Requires" \
   $(dpkg -L libglib2.0-dev|grep -e "/pkgconfig/")| \
   sed -ne "s/^.*\/pkgconfig\//.../p"
...gmodule-export-2.0.pc:Name: GModule
...gmodule-export-2.0.pc:Description: Dynamic module loader for GLib
...gmodule-export-2.0.pc:Requires: glib-2.0
...glib-2.0.pc:Name: GLib
...glib-2.0.pc:Description: C Utility Library
...glib-2.0.pc:Requires.private: libpcre
...gio-unix-2.0.pc:Name: GIO unix specific APIs
...gio-unix-2.0.pc:Description: unix specific headers for glib I/O library
...gio-unix-2.0.pc:Requires: gobject-2.0,gio-2.0
...gmodule-no-export-2.0.pc:Name: GModule
...gmodule-no-export-2.0.pc:Description: Dynamic module loader for GLib
...gmodule-no-export-2.0.pc:Requires: glib-2.0
...gio-2.0.pc:Name: GIO
...gio-2.0.pc:Description: glib I/O library
...gio-2.0.pc:Requires: glib-2.0 gobject-2.0
...gio-2.0.pc:Requires.private: gmodule-no-export-2.0
...gthread-2.0.pc:Name: GThread
...gthread-2.0.pc:Description: Thread support for GLib
...gthread-2.0.pc:Requires: glib-2.0
...gmodule-2.0.pc:Name: GModule
...gmodule-2.0.pc:Description: Dynamic module loader for GLib
...gmodule-2.0.pc:Requires: glib-2.0
...gobject-2.0.pc:Name: GObject
...gobject-2.0.pc:Description: GLib Type, Object, Parameter and Signal Library
...gobject-2.0.pc:Requires: glib-2.0
