$ gcc -v -Wall `pkg-config --cflags --libs glib-2.0` -o upper-v upper.c
Using built-in specs.
COLLECT_GCC=gcc
COLLECT_LTO_WRAPPER=/usr/lib/gcc/x86_64-linux-gnu/4.8/lto-wrapper
Target: x86_64-linux-gnu
Configured with: ../src/configure -v --with-pkgversion='Debian 4.8.1-9' --with-bu...
Thread model: posix
gcc version 4.8.1 (Debian 4.8.1-9)
COLLECT_GCC_OPTIONS='-v' '-Wall' '-I' '/usr/include/glib-2.0' '-I' '/usr/lib/x86_...
 /usr/lib/gcc/x86_64-linux-gnu/4.8/cc1 -quiet -v -I /usr/include/glib-2.0 -I /usr...
GNU C (Debian 4.8.1-9) version 4.8.1 (x86_64-linux-gnu)
    compiled by GNU C version 4.8.1, GMP version 5.1.2, MPFR version 3.1.1-p2, MP...
GGC heuristics: --param ggc-min-expand=100 --param ggc-min-heapsize=131072
ignoring nonexistent directory "/usr/local/include/x86_64-linux-gnu"
ignoring nonexistent directory "/usr/lib/gcc/x86_64-linux-gnu/4.8/../../../../x86...
#include "..." search starts here:
#include <...> search starts here:
 /usr/include/glib-2.0
 /usr/lib/x86_64-linux-gnu/glib-2.0/include
 /usr/lib/gcc/x86_64-linux-gnu/4.8/include
 /usr/local/include
 /usr/lib/gcc/x86_64-linux-gnu/4.8/include-fixed
 /usr/include/x86_64-linux-gnu
 /usr/include
End of search list.
GNU C (Debian 4.8.1-9) version 4.8.1 (x86_64-linux-gnu)
    compiled by GNU C version 4.8.1, GMP version 5.1.2, MPFR version 3.1.1-p2, MP...
GGC heuristics: --param ggc-min-expand=100 --param ggc-min-heapsize=131072
Compiler executable checksum: 7de91109c57f16a4863bda169a999c04
COLLECT_GCC_OPTIONS='-v' '-Wall' '-I' '/usr/include/glib-2.0' '-I' '/usr/lib/x86_...
 as -v -I /usr/include/glib-2.0 -I /usr/lib/x86_64-linux-gnu/glib-2.0/include --6...
GNU assembler version 2.23.52 (x86_64-linux-gnu) using BFD version (GNU Binutils ...
COMPILER_PATH=/usr/lib/gcc/x86_64-linux-gnu/4.8/:/usr/lib/gcc/x86_64-linux-gnu/4....
LIBRARY_PATH=/usr/lib/gcc/x86_64-linux-gnu/4.8/:/usr/lib/gcc/x86_64-linux-gnu/4.8...
COLLECT_GCC_OPTIONS='-v' '-Wall' '-I' '/usr/include/glib-2.0' '-I' '/usr/lib/x86_...
 /usr/lib/gcc/x86_64-linux-gnu/4.8/collect2 --sysroot=/ --build-id --eh-frame-hdr...
