$ g++ -S hello.cxx
$ c++filt -n <hello.s |fold
    .file    "hello.cxx"
    .local    std::__ioinit
    .comm    std::__ioinit,1,1
    .section    .rodata
.LC0:
    .string    "Hello World!"
    .text
    .globl    main
    .type    main, @function
main:
.LFB971:
    .cfi_startproc
    pushq    %rbp
    .cfi_def_cfa_offset 16
    .cfi_offset 6, -16
    movq    %rsp, %rbp
    .cfi_def_cfa_register 6
    movl    $.LC0, %esi
    movl    std::cout, %edi
    call    std::basic_ostream<char, std::char_traits<char> >& std::operator
<< <std::char_traits<char> >(std::basic_ostream<char, std::char_traits<char> >&,
 char const*)
    movl    std::basic_ostream<char, std::char_traits<char> >& std::endl<cha
r, std::char_traits<char> >(std::basic_ostream<char, std::char_traits<char> >&),
 %esi
    movq    %rax, %rdi
    call    std::basic_ostream<char, std::char_traits<char> >::operator<<(st
d::basic_ostream<char, std::char_traits<char> >& (*)(std::basic_ostream<char, st
d::char_traits<char> >&))
    movl    $0, %eax
    popq    %rbp
    .cfi_def_cfa 7, 8
    ret
    .cfi_endproc
.LFE971:
    .size    main, .-main
    .type    __static_initialization_and_destruction_0(int, int), @function
__static_initialization_and_destruction_0(int, int):
.LFB980:
    .cfi_startproc
    pushq    %rbp
    .cfi_def_cfa_offset 16
    .cfi_offset 6, -16
    movq    %rsp, %rbp
    .cfi_def_cfa_register 6
    subq    $16, %rsp
    movl    %edi, -4(%rbp)
    movl    %esi, -8(%rbp)
    cmpl    $1, -4(%rbp)
    jne    .L3
    cmpl    $65535, -8(%rbp)
    jne    .L3
    movl    std::__ioinit, %edi
    call    std::ios_base::Init::Init()
    movl    $__dso_handle, %edx
    movl    std::__ioinit, %esi
    movl    std::ios_base::Init::~Init(), %edi
    call    __cxa_atexit
.L3:
    leave
    .cfi_def_cfa 7, 8
    ret
    .cfi_endproc
.LFE980:
    .size    __static_initialization_and_destruction_0(int, int), .-__static_
initialization_and_destruction_0(int, int)
    .type    _GLOBAL__sub_I_main, @function
_GLOBAL__sub_I_main:
.LFB981:
    .cfi_startproc
    pushq    %rbp
    .cfi_def_cfa_offset 16
    .cfi_offset 6, -16
    movq    %rsp, %rbp
    .cfi_def_cfa_register 6
    movl    $65535, %esi
    movl    $1, %edi
    call    __static_initialization_and_destruction_0(int, int)
    popq    %rbp
    .cfi_def_cfa 7, 8
    ret
    .cfi_endproc
.LFE981:
    .size    _GLOBAL__sub_I_main, .-_GLOBAL__sub_I_main
    .section    .init_array,"aw"
    .align 8
    .quad    _GLOBAL__sub_I_main
    .hidden    __dso_handle
    .ident    "GCC: (Debian 4.8.1-9) 4.8.1"
    .section    .note.GNU-stack,"",@progbits
