$ gcc -fstack-protector --param=ssp-buffer-size=4 -o bof-safe bof.c
$ ./bof-safe "0123456789"
*** stack smashing detected ***: ./bof-safe terminated
======= Backtrace: =========
/lib/x86_64-linux-gnu/libc.so.6(__fortify_fail+0x37)[0x2aaaaadcbd17]
/lib/x86_64-linux-gnu/libc.so.6(__fortify_fail+0x0)[0x2aaaaadcbce0]
./bof-safe[0x400732]
/lib/x86_64-linux-gnu/libc.so.6(__libc_start_main+0xf5)[0x2aaaaacf0995]
./bof-safe[0x4005b9]
======= Memory map: ========
00400000-00401000 r-xp 00000000 fe:01 3146663                            /path/to...
00600000-00601000 rw-p 00000000 fe:01 3146663                            /path/to...
00d82000-00da3000 rw-p 00000000 00:00 0                                  [heap]
2aaaaaaab000-2aaaaaacc000 r-xp 00000000 fe:01 655581                     /lib/x86...
2aaaaaacc000-2aaaaaad0000 rw-p 00000000 00:00 0
2aaaaaafa000-2aaaaaafc000 rw-p 00000000 00:00 0
2aaaaaccc000-2aaaaaccd000 r--p 00021000 fe:01 655581                     /lib/x86...
2aaaaaccd000-2aaaaaccf000 rw-p 00022000 fe:01 655581                     /lib/x86...
2aaaaaccf000-2aaaaae71000 r-xp 00000000 fe:01 656361                     /lib/x86...
2aaaaae71000-2aaaab071000 ---p 001a2000 fe:01 656361                     /lib/x86...
2aaaab071000-2aaaab075000 r--p 001a2000 fe:01 656361                     /lib/x86...
2aaaab075000-2aaaab077000 rw-p 001a6000 fe:01 656361                     /lib/x86...
2aaaab077000-2aaaab07b000 rw-p 00000000 00:00 0
2aaaab07b000-2aaaab090000 r-xp 00000000 fe:01 655396                     /lib/x86...
2aaaab090000-2aaaab290000 ---p 00015000 fe:01 655396                     /lib/x86...
2aaaab290000-2aaaab291000 rw-p 00015000 fe:01 655396                     /lib/x86...
7fff36900000-7fff36921000 rw-p 00000000 00:00 0                          [stack]
7fff369fe000-7fff36a00000 r-xp 00000000 00:00 0                          [vdso]
ffffffffff600000-ffffffffff601000 r-xp 00000000 00:00 0                  [vsyscal...
>>> Before the possible buffer over flow >>>
<<< After the possible buffer over flow <<<
Aborted
