$ ls -lR fridge
fridge:
total 24
drwxrwxr-x 2 osamu osamu 4096 Aug 17 23:43 dist
-rw-rw-r-- 1 osamu osamu  119 Aug 17 23:43 MANIFEST
-rw-rw-r-- 1 osamu osamu   31 Mar 28 22:17 README
drwxrwxr-x 2 osamu osamu 4096 Apr  6 18:14 scripts
-rwxr-xr-x 1 osamu osamu  402 Apr  5 23:59 setup.py
drwxrwxr-x 3 osamu osamu 4096 Mar 29 00:01 src

fridge/dist:
total 4
-rw-rw-r-- 1 osamu osamu 1268 Aug 17 23:43 fridge-1.0.tar.gz

fridge/scripts:
total 12
-rw-r--r-- 1 osamu osamu 124 Apr  6 18:14 jane
-rw-r--r-- 1 osamu osamu  93 Mar 28 20:18 joe
-rw-r--r-- 1 osamu osamu  81 Mar 28 20:19 tom

fridge/src:
total 4
drwxrwxr-x 2 osamu osamu 4096 Apr  6 18:35 fridge

fridge/src/fridge:
total 4
-rw-r--r-- 1 osamu osamu 1583 Mar 28 20:10 __init__.py
$
$ tar -tvzf fridge/dist/fridge-1.0.tar.gz
drwxrwxr-x osamu/osamu       0 2013-08-17 23:43 fridge-1.0/
drwxrwxr-x osamu/osamu       0 2013-08-17 23:43 fridge-1.0/scripts/
-rw-r--r-- osamu/osamu     124 2013-04-06 18:14 fridge-1.0/scripts/jane
-rw-r--r-- osamu/osamu      93 2013-03-28 20:18 fridge-1.0/scripts/joe
-rw-r--r-- osamu/osamu      81 2013-03-28 20:19 fridge-1.0/scripts/tom
drwxrwxr-x osamu/osamu       0 2013-08-17 23:43 fridge-1.0/src/
drwxrwxr-x osamu/osamu       0 2013-08-17 23:43 fridge-1.0/src/fridge/
-rw-r--r-- osamu/osamu    1583 2013-03-28 20:10 fridge-1.0/src/fridge/__init__.py...
-rw-rw-r-- osamu/osamu     233 2013-08-17 23:43 fridge-1.0/PKG-INFO
-rwxr-xr-x osamu/osamu     402 2013-04-05 23:59 fridge-1.0/setup.py
-rw-rw-r-- osamu/osamu      31 2013-03-28 22:17 fridge-1.0/README
