$ ls -lR fridge
fridge:
total 16
-rw-rw-r-- 1 osamu osamu   31 Mar 28 22:17 README
drwxrwxr-x 2 osamu osamu 4096 Apr  6 18:14 scripts
-rwxr-xr-x 1 osamu osamu  402 Apr  5 23:59 setup.py
drwxrwxr-x 3 osamu osamu 4096 Mar 29 00:01 src

fridge/scripts:
total 12
-rw-r--r-- 1 osamu osamu 124 Apr  6 18:14 jane
-rw-r--r-- 1 osamu osamu  93 Mar 28 20:18 joe
-rw-r--r-- 1 osamu osamu  81 Mar 28 20:19 tom

fridge/src:
total 4
drwxrwxr-x 2 osamu osamu 4096 Apr  6 18:35 fridge

fridge/src/fridge:
total 4
-rw-r--r-- 1 osamu osamu 1583 Mar 28 20:10 __init__.py
$
$ cat fridge/setup.py
#!/usr/bin/python3
# vi:se ts=4 sts=4 et si:
from distutils.core import setup
setup(name='fridge',
    version='1.0',
    description='Python Distutils practice',
    author='Osamu Aoki',
    author_email='osamu@debian.org',
    url='http://people.debian.org/~osamu/',
    packages=['fridge'],
    package_dir={'fridge': 'src/fridge'},
    scripts=['scripts/jane', 'scripts/joe', 'scripts/tom'],
    )
