$ cd fridge; python3 setup.py sdist; cd -
/path/to/package3/fridge
running sdist
running check
warning: sdist: manifest template 'MANIFEST.in' does not exist (using default fil...

writing manifest file 'MANIFEST'
creating fridge-1.0
creating fridge-1.0/scripts
creating fridge-1.0/src
creating fridge-1.0/src/fridge
making hard links in fridge-1.0...
hard linking README -> fridge-1.0
hard linking setup.py -> fridge-1.0
hard linking scripts/jane -> fridge-1.0/scripts
hard linking scripts/joe -> fridge-1.0/scripts
hard linking scripts/tom -> fridge-1.0/scripts
hard linking src/fridge/__init__.py -> fridge-1.0/src/fridge
creating dist
Creating tar archive
removing 'fridge-1.0' (and everything under it)
/path/to/package3
