(gdb) list
1    #include <stdio.h>
2    #include <stdlib.h>
3    /* my first C program */
4    int main()
5    {
6        printf("Hello, world!\n");
7        return EXIT_SUCCESS;
8    }
(gdb) break 3
Breakpoint 1 at 0x400501: file hello.c, line 3.
(gdb) break 5
Breakpoint 2 at 0x400501: file hello.c, line 5.
(gdb) break 6
Breakpoint 3 at 0x400501: file hello.c, line 6.
(gdb) info break
Num     Type           Disp Enb Address            What
1       breakpoint     keep y   0x0000000000400501 in main at hello.c:3
2       breakpoint     keep y   0x0000000000400501 in main at hello.c:5
3       breakpoint     keep y   0x0000000000400501 in main at hello.c:6
