$ objdump -d hello

hello:     file format elf64-x86-64


Disassembly of section .init:

00000000004003a8 <_init>:
  4003a8:    48 83 ec 08              sub    $0x8,%rsp
  4003ac:    48 8b 05 15 05 20 00     mov    0x200515(%rip),%rax        # 6008c8
 <_DYNAMIC+0x1d0>
  4003b3:    48 85 c0                 test   %rax,%rax
  4003b6:    74 05                    je     4003bd <_init+0x15>
  4003b8:    e8 43 00 00 00           callq  400400 <__gmon_start__@plt>
  4003bd:    48 83 c4 08              add    $0x8,%rsp
  4003c1:    c3                       retq

Disassembly of section .plt:

00000000004003d0 <puts@plt-0x10>:
  4003d0:    ff 35 02 05 20 00        pushq  0x200502(%rip)        # 6008d8 <_GL
OBAL_OFFSET_TABLE_+0x8>
  4003d6:    ff 25 04 05 20 00        jmpq   *0x200504(%rip)        # 6008e0 <_G
LOBAL_OFFSET_TABLE_+0x10>
  4003dc:    0f 1f 40 00              nopl   0x0(%rax)

00000000004003e0 <puts@plt>:
  4003e0:    ff 25 02 05 20 00        jmpq   *0x200502(%rip)        # 6008e8 <_G
LOBAL_OFFSET_TABLE_+0x18>
  4003e6:    68 00 00 00 00           pushq  $0x0
  4003eb:    e9 e0 ff ff ff           jmpq   4003d0 <_init+0x28>

00000000004003f0 <__libc_start_main@plt>:
  4003f0:    ff 25 fa 04 20 00        jmpq   *0x2004fa(%rip)        # 6008f0 <_G
LOBAL_OFFSET_TABLE_+0x20>
  4003f6:    68 01 00 00 00           pushq  $0x1
  4003fb:    e9 d0 ff ff ff           jmpq   4003d0 <_init+0x28>

0000000000400400 <__gmon_start__@plt>:
  400400:    ff 25 f2 04 20 00        jmpq   *0x2004f2(%rip)        # 6008f8 <_G
LOBAL_OFFSET_TABLE_+0x28>
  400406:    68 02 00 00 00           pushq  $0x2
  40040b:    e9 c0 ff ff ff           jmpq   4003d0 <_init+0x28>

Disassembly of section .text:

0000000000400410 <_start>:
  400410:    31 ed                    xor    %ebp,%ebp
  400412:    49 89 d1                 mov    %rdx,%r9
  400415:    5e                       pop    %rsi
  400416:    48 89 e2                 mov    %rsp,%rdx
  400419:    48 83 e4 f0              and    $0xfffffffffffffff0,%rsp
  40041d:    50                       push   %rax
  40041e:    54                       push   %rsp
  40041f:    49 c7 c0 b0 05 40 00     mov    $0x4005b0,%r8
  400426:    48 c7 c1 20 05 40 00     mov    $0x400520,%rcx
  40042d:    48 c7 c7 fd 04 40 00     mov    $0x4004fd,%rdi
  400434:    e8 b7 ff ff ff           callq  4003f0 <__libc_start_main@plt>
  400439:    f4                       hlt
  40043a:    66 0f 1f 44 00 00        nopw   0x0(%rax,%rax,1)

0000000000400440 <deregister_tm_clones>:
  400440:    b8 17 09 60 00           mov    $0x600917,%eax
  400445:    55                       push   %rbp
  400446:    48 2d 10 09 60 00        sub    $0x600910,%rax
  40044c:    48 83 f8 0e              cmp    $0xe,%rax
  400450:    48 89 e5                 mov    %rsp,%rbp
  400453:    77 02                    ja     400457 <deregister_tm_clones+0x17>
  400455:    5d                       pop    %rbp
  400456:    c3                       retq
  400457:    b8 00 00 00 00           mov    $0x0,%eax
  40045c:    48 85 c0                 test   %rax,%rax
  40045f:    74 f4                    je     400455 <deregister_tm_clones+0x15>
  400461:    5d                       pop    %rbp
  400462:    bf 10 09 60 00           mov    $0x600910,%edi
  400467:    ff e0                    jmpq   *%rax
  400469:    0f 1f 80 00 00 00 00     nopl   0x0(%rax)

0000000000400470 <register_tm_clones>:
  400470:    b8 10 09 60 00           mov    $0x600910,%eax
  400475:    55                       push   %rbp
  400476:    48 2d 10 09 60 00        sub    $0x600910,%rax
  40047c:    48 c1 f8 03              sar    $0x3,%rax
  400480:    48 89 e5                 mov    %rsp,%rbp
  400483:    48 89 c2                 mov    %rax,%rdx
  400486:    48 c1 ea 3f              shr    $0x3f,%rdx
  40048a:    48 01 d0                 add    %rdx,%rax
  40048d:    48 d1 f8                 sar    %rax
  400490:    75 02                    jne    400494 <register_tm_clones+0x24>
  400492:    5d                       pop    %rbp
  400493:    c3                       retq
  400494:    ba 00 00 00 00           mov    $0x0,%edx
  400499:    48 85 d2                 test   %rdx,%rdx
  40049c:    74 f4                    je     400492 <register_tm_clones+0x22>
  40049e:    5d                       pop    %rbp
  40049f:    48 89 c6                 mov    %rax,%rsi
  4004a2:    bf 10 09 60 00           mov    $0x600910,%edi
  4004a7:    ff e2                    jmpq   *%rdx
  4004a9:    0f 1f 80 00 00 00 00     nopl   0x0(%rax)

00000000004004b0 <__do_global_dtors_aux>:
  4004b0:    80 3d 59 04 20 00 00     cmpb   $0x0,0x200459(%rip)        # 600910
 <__TMC_END__>
  4004b7:    75 11                    jne    4004ca <__do_global_dtors_aux+0x1a>
  4004b9:    55                       push   %rbp
  4004ba:    48 89 e5                 mov    %rsp,%rbp
  4004bd:    e8 7e ff ff ff           callq  400440 <deregister_tm_clones>
  4004c2:    5d                       pop    %rbp
  4004c3:    c6 05 46 04 20 00 01     movb   $0x1,0x200446(%rip)        # 600910
 <__TMC_END__>
  4004ca:    f3 c3                    repz retq
  4004cc:    0f 1f 40 00              nopl   0x0(%rax)

00000000004004d0 <frame_dummy>:
  4004d0:    48 83 3d 18 02 20 00     cmpq   $0x0,0x200218(%rip)        # 6006f0
 <__JCR_END__>
  4004d7:    00
  4004d8:    74 1e                    je     4004f8 <frame_dummy+0x28>
  4004da:    b8 00 00 00 00           mov    $0x0,%eax
  4004df:    48 85 c0                 test   %rax,%rax
  4004e2:    74 14                    je     4004f8 <frame_dummy+0x28>
  4004e4:    55                       push   %rbp
  4004e5:    bf f0 06 60 00           mov    $0x6006f0,%edi
  4004ea:    48 89 e5                 mov    %rsp,%rbp
  4004ed:    ff d0                    callq  *%rax
  4004ef:    5d                       pop    %rbp
  4004f0:    e9 7b ff ff ff           jmpq   400470 <register_tm_clones>
  4004f5:    0f 1f 00                 nopl   (%rax)
  4004f8:    e9 73 ff ff ff           jmpq   400470 <register_tm_clones>

00000000004004fd <main>:
  4004fd:    55                       push   %rbp
  4004fe:    48 89 e5                 mov    %rsp,%rbp
  400501:    bf c4 05 40 00           mov    $0x4005c4,%edi
  400506:    e8 d5 fe ff ff           callq  4003e0 <puts@plt>
  40050b:    b8 00 00 00 00           mov    $0x0,%eax
  400510:    5d                       pop    %rbp
  400511:    c3                       retq
  400512:    66 2e 0f 1f 84 00 00     nopw   %cs:0x0(%rax,%rax,1)
  400519:    00 00 00
  40051c:    0f 1f 40 00              nopl   0x0(%rax)

0000000000400520 <__libc_csu_init>:
  400520:    48 89 6c 24 d8           mov    %rbp,-0x28(%rsp)
  400525:    4c 89 64 24 e0           mov    %r12,-0x20(%rsp)
  40052a:    48 8d 2d b7 01 20 00     lea    0x2001b7(%rip),%rbp        # 6006e8
 <__init_array_end>
  400531:    4c 8d 25 a8 01 20 00     lea    0x2001a8(%rip),%r12        # 6006e0
 <__frame_dummy_init_array_entry>
  400538:    48 89 5c 24 d0           mov    %rbx,-0x30(%rsp)
  40053d:    4c 89 6c 24 e8           mov    %r13,-0x18(%rsp)
  400542:    4c 89 74 24 f0           mov    %r14,-0x10(%rsp)
  400547:    4c 89 7c 24 f8           mov    %r15,-0x8(%rsp)
  40054c:    48 83 ec 38              sub    $0x38,%rsp
  400550:    4c 29 e5                 sub    %r12,%rbp
  400553:    41 89 ff                 mov    %edi,%r15d
  400556:    49 89 f6                 mov    %rsi,%r14
  400559:    48 c1 fd 03              sar    $0x3,%rbp
  40055d:    49 89 d5                 mov    %rdx,%r13
  400560:    31 db                    xor    %ebx,%ebx
  400562:    e8 41 fe ff ff           callq  4003a8 <_init>
  400567:    48 85 ed                 test   %rbp,%rbp
  40056a:    74 1a                    je     400586 <__libc_csu_init+0x66>
  40056c:    0f 1f 40 00              nopl   0x0(%rax)
  400570:    4c 89 ea                 mov    %r13,%rdx
  400573:    4c 89 f6                 mov    %r14,%rsi
  400576:    44 89 ff                 mov    %r15d,%edi
  400579:    41 ff 14 dc              callq  *(%r12,%rbx,8)
  40057d:    48 83 c3 01              add    $0x1,%rbx
  400581:    48 39 eb                 cmp    %rbp,%rbx
  400584:    75 ea                    jne    400570 <__libc_csu_init+0x50>
  400586:    48 8b 5c 24 08           mov    0x8(%rsp),%rbx
  40058b:    48 8b 6c 24 10           mov    0x10(%rsp),%rbp
  400590:    4c 8b 64 24 18           mov    0x18(%rsp),%r12
  400595:    4c 8b 6c 24 20           mov    0x20(%rsp),%r13
  40059a:    4c 8b 74 24 28           mov    0x28(%rsp),%r14
  40059f:    4c 8b 7c 24 30           mov    0x30(%rsp),%r15
  4005a4:    48 83 c4 38              add    $0x38,%rsp
  4005a8:    c3                       retq
  4005a9:    0f 1f 80 00 00 00 00     nopl   0x0(%rax)

00000000004005b0 <__libc_csu_fini>:
  4005b0:    f3 c3                    repz retq

Disassembly of section .fini:

00000000004005b4 <_fini>:
  4005b4:    48 83 ec 08              sub    $0x8,%rsp
  4005b8:    48 83 c4 08              add    $0x8,%rsp
  4005bc:    c3                       retq
