$ strace ./hello-gdb
execve("./hello-gdb", ["./hello-gdb"], [/* 58 vars */]) = 0
brk(0)                                  = 0xbed000
access("/etc/ld.so.nohwcap", F_OK)      = -1 ENOENT (No such file or directory)
mmap(NULL, 8192, PROT_READ|PROT_WRITE, MAP_PRIVATE|MAP_ANONYMOUS, -1, 0) = 0x2aa
aaaacc000
access("/etc/ld.so.preload", R_OK)      = -1 ENOENT (No such file or directory)
open("/etc/ld.so.cache", O_RDONLY|O_CLOEXEC) = 3
fstat(3, {st_mode=S_IFREG|0644, st_size=176595, ...}) = 0
mmap(NULL, 176595, PROT_READ, MAP_PRIVATE, 3, 0) = 0x2aaaaaace000
close(3)                                = 0
access("/etc/ld.so.nohwcap", F_OK)      = -1 ENOENT (No such file or directory)
open("/lib/x86_64-linux-gnu/libc.so.6", O_RDONLY|O_CLOEXEC) = 3
read(3, "\177ELF\2\1\1\0\0\0\0\0\0\0\0\0\3\0>\0\1\0\0\0\240\32\2\0\0\0\0\0"..., 
832) = 832
fstat(3, {st_mode=S_IFREG|0755, st_size=1742520, ...}) = 0
mmap(NULL, 3849280, PROT_READ|PROT_EXEC, MAP_PRIVATE|MAP_DENYWRITE, 3, 0) = 0x2a
aaaaccf000
mprotect(0x2aaaaae71000, 2097152, PROT_NONE) = 0
mmap(0x2aaaab071000, 24576, PROT_READ|PROT_WRITE, MAP_PRIVATE|MAP_FIXED|MAP_DENY
WRITE, 3, 0x1a2000) = 0x2aaaab071000
mmap(0x2aaaab077000, 15424, PROT_READ|PROT_WRITE, MAP_PRIVATE|MAP_FIXED|MAP_ANON
YMOUS, -1, 0) = 0x2aaaab077000
close(3)                                = 0
mmap(NULL, 4096, PROT_READ|PROT_WRITE, MAP_PRIVATE|MAP_ANONYMOUS, -1, 0) = 0x2aa
aaaafa000
mmap(NULL, 4096, PROT_READ|PROT_WRITE, MAP_PRIVATE|MAP_ANONYMOUS, -1, 0) = 0x2aa
aaaafb000
arch_prctl(ARCH_SET_FS, 0x2aaaaaafab40) = 0
mprotect(0x2aaaab071000, 16384, PROT_READ) = 0
mprotect(0x2aaaaaccc000, 4096, PROT_READ) = 0
munmap(0x2aaaaaace000, 176595)          = 0
fstat(1, {st_mode=S_IFIFO|0600, st_size=0, ...}) = 0
mmap(NULL, 4096, PROT_READ|PROT_WRITE, MAP_PRIVATE|MAP_ANONYMOUS, -1, 0) = 0x2aa
aaaace000
write(1, "Hello, world!\n", 14Hello, world!
)         = 14
exit_group(0)                           = ?
