$ readelf -a hello-gdb
ELF Header:
  Magic:   7f 45 4c 46 02 01 01 00 00 00 00 00 00 00 00 00
  Class:                             ELF64
  Data:                              2's complement, little endian
  Version:                           1 (current)
  OS/ABI:                            UNIX - System V
  ABI Version:                       0
  Type:                              EXEC (Executable file)
  Machine:                           Advanced Micro Devices X86-64
  Version:                           0x1
  Entry point address:               0x400410
  Start of program headers:          64 (bytes into file)
  Start of section headers:          3232 (bytes into file)
  Flags:                             0x0
  Size of this header:               64 (bytes)
  Size of program headers:           56 (bytes)
  Number of program headers:         8
  Size of section headers:           64 (bytes)
  Number of section headers:         35
  Section header string table index: 32

Section Headers:
  [Nr] Name              Type             Address           Offset
       Size              EntSize          Flags  Link  Info  Align
  [ 0]                   NULL             0000000000000000  00000000
       0000000000000000  0000000000000000           0     0     0
  [ 1] .interp           PROGBITS         0000000000400200  00000200
       000000000000001c  0000000000000000   A       0     0     1
  [ 2] .note.ABI-tag     NOTE             000000000040021c  0000021c
       0000000000000020  0000000000000000   A       0     0     4
  [ 3] .note.gnu.build-i NOTE             000000000040023c  0000023c
       0000000000000024  0000000000000000   A       0     0     4
  [ 4] .gnu.hash         GNU_HASH         0000000000400260  00000260
       000000000000001c  0000000000000000   A       5     0     8
  [ 5] .dynsym           DYNSYM           0000000000400280  00000280
       0000000000000060  0000000000000018   A       6     1     8
  [ 6] .dynstr           STRTAB           00000000004002e0  000002e0
       000000000000003d  0000000000000000   A       0     0     1
  [ 7] .gnu.version      VERSYM           000000000040031e  0000031e
       0000000000000008  0000000000000002   A       5     0     2
  [ 8] .gnu.version_r    VERNEED          0000000000400328  00000328
       0000000000000020  0000000000000000   A       6     1     8
  [ 9] .rela.dyn         RELA             0000000000400348  00000348
       0000000000000018  0000000000000018   A       5     0     8
  [10] .rela.plt         RELA             0000000000400360  00000360
       0000000000000048  0000000000000018   A       5    12     8
  [11] .init             PROGBITS         00000000004003a8  000003a8
       000000000000001a  0000000000000000  AX       0     0     4
  [12] .plt              PROGBITS         00000000004003d0  000003d0
       0000000000000040  0000000000000010  AX       0     0     16
  [13] .text             PROGBITS         0000000000400410  00000410
       00000000000001a2  0000000000000000  AX       0     0     16
  [14] .fini             PROGBITS         00000000004005b4  000005b4
       0000000000000009  0000000000000000  AX       0     0     4
  [15] .rodata           PROGBITS         00000000004005c0  000005c0
       0000000000000012  0000000000000000   A       0     0     4
  [16] .eh_frame_hdr     PROGBITS         00000000004005d4  000005d4
       0000000000000034  0000000000000000   A       0     0     4
  [17] .eh_frame         PROGBITS         0000000000400608  00000608
       00000000000000d4  0000000000000000   A       0     0     8
  [18] .init_array       INIT_ARRAY       00000000006006e0  000006e0
       0000000000000008  0000000000000000  WA       0     0     8
  [19] .fini_array       FINI_ARRAY       00000000006006e8  000006e8
       0000000000000008  0000000000000000  WA       0     0     8
  [20] .jcr              PROGBITS         00000000006006f0  000006f0
       0000000000000008  0000000000000000  WA       0     0     8
  [21] .dynamic          DYNAMIC          00000000006006f8  000006f8
       00000000000001d0  0000000000000010  WA       6     0     8
  [22] .got              PROGBITS         00000000006008c8  000008c8
       0000000000000008  0000000000000008  WA       0     0     8
  [23] .got.plt          PROGBITS         00000000006008d0  000008d0
       0000000000000030  0000000000000008  WA       0     0     8
  [24] .data             PROGBITS         0000000000600900  00000900
       0000000000000010  0000000000000000  WA       0     0     8
  [25] .bss              NOBITS           0000000000600910  00000910
       0000000000000008  0000000000000000  WA       0     0     1
  [26] .comment          PROGBITS         0000000000000000  00000910
       0000000000000038  0000000000000001  MS       0     0     1
  [27] .debug_aranges    PROGBITS         0000000000000000  00000948
       0000000000000030  0000000000000000           0     0     1
  [28] .debug_info       PROGBITS         0000000000000000  00000978
       000000000000009f  0000000000000000           0     0     1
  [29] .debug_abbrev     PROGBITS         0000000000000000  00000a17
       0000000000000042  0000000000000000           0     0     1
  [30] .debug_line       PROGBITS         0000000000000000  00000a59
       000000000000003c  0000000000000000           0     0     1
  [31] .debug_str        PROGBITS         0000000000000000  00000a95
       00000000000000bc  0000000000000001  MS       0     0     1
  [32] .shstrtab         STRTAB           0000000000000000  00000b51
       0000000000000148  0000000000000000           0     0     1
  [33] .symtab           SYMTAB           0000000000000000  00001560
       0000000000000690  0000000000000018          34    50     8
  [34] .strtab           STRTAB           0000000000000000  00001bf0
       0000000000000237  0000000000000000           0     0     1
Key to Flags:
  W (write), A (alloc), X (execute), M (merge), S (strings), l (large)
  I (info), L (link order), G (group), T (TLS), E (exclude), x (unknown)
  O (extra OS processing required) o (OS specific), p (processor specific)

There are no section groups in this file.

Program Headers:
  Type           Offset             VirtAddr           PhysAddr
                 FileSiz            MemSiz              Flags  Align
  PHDR           0x0000000000000040 0x0000000000400040 0x0000000000400040
                 0x00000000000001c0 0x00000000000001c0  R E    8
  INTERP         0x0000000000000200 0x0000000000400200 0x0000000000400200
                 0x000000000000001c 0x000000000000001c  R      1
      [Requesting program interpreter: /lib64/ld-linux-x86-64.so.2]
  LOAD           0x0000000000000000 0x0000000000400000 0x0000000000400000
                 0x00000000000006dc 0x00000000000006dc  R E    200000
  LOAD           0x00000000000006e0 0x00000000006006e0 0x00000000006006e0
                 0x0000000000000230 0x0000000000000238  RW     200000
  DYNAMIC        0x00000000000006f8 0x00000000006006f8 0x00000000006006f8
                 0x00000000000001d0 0x00000000000001d0  RW     8
  NOTE           0x000000000000021c 0x000000000040021c 0x000000000040021c
                 0x0000000000000044 0x0000000000000044  R      4
  GNU_EH_FRAME   0x00000000000005d4 0x00000000004005d4 0x00000000004005d4
                 0x0000000000000034 0x0000000000000034  R      4
  GNU_STACK      0x0000000000000000 0x0000000000000000 0x0000000000000000
                 0x0000000000000000 0x0000000000000000  RW     10

 Section to Segment mapping:
  Segment Sections...
   00
   01     .interp
   02     .interp .note.ABI-tag .note.gnu.build-id .gnu.hash .dynsym .dynstr .gn
u.version .gnu.version_r .rela.dyn .rela.plt .init .plt .text .fini .rodata .eh_
frame_hdr .eh_frame
   03     .init_array .fini_array .jcr .dynamic .got .got.plt .data .bss
   04     .dynamic
   05     .note.ABI-tag .note.gnu.build-id
   06     .eh_frame_hdr
   07

Dynamic section at offset 0x6f8 contains 24 entries:
  Tag        Type                         Name/Value
 0x0000000000000001 (NEEDED)             Shared library: [libc.so.6]
 0x000000000000000c (INIT)               0x4003a8
 0x000000000000000d (FINI)               0x4005b4
 0x0000000000000019 (INIT_ARRAY)         0x6006e0
 0x000000000000001b (INIT_ARRAYSZ)       8 (bytes)
 0x000000000000001a (FINI_ARRAY)         0x6006e8
 0x000000000000001c (FINI_ARRAYSZ)       8 (bytes)
 0x000000006ffffef5 (GNU_HASH)           0x400260
 0x0000000000000005 (STRTAB)             0x4002e0
 0x0000000000000006 (SYMTAB)             0x400280
 0x000000000000000a (STRSZ)              61 (bytes)
 0x000000000000000b (SYMENT)             24 (bytes)
 0x0000000000000015 (DEBUG)              0x0
 0x0000000000000003 (PLTGOT)             0x6008d0
 0x0000000000000002 (PLTRELSZ)           72 (bytes)
 0x0000000000000014 (PLTREL)             RELA
 0x0000000000000017 (JMPREL)             0x400360
 0x0000000000000007 (RELA)               0x400348
 0x0000000000000008 (RELASZ)             24 (bytes)
 0x0000000000000009 (RELAENT)            24 (bytes)
 0x000000006ffffffe (VERNEED)            0x400328
 0x000000006fffffff (VERNEEDNUM)         1
 0x000000006ffffff0 (VERSYM)             0x40031e
 0x0000000000000000 (NULL)               0x0

Relocation section '.rela.dyn' at offset 0x348 contains 1 entries:
  Offset          Info           Type           Sym. Value    Sym. Name + Addend
0000006008c8  000300000006 R_X86_64_GLOB_DAT 0000000000000000 __gmon_start__ + 0

Relocation section '.rela.plt' at offset 0x360 contains 3 entries:
  Offset          Info           Type           Sym. Value    Sym. Name + Addend
0000006008e8  000100000007 R_X86_64_JUMP_SLO 0000000000000000 puts + 0
0000006008f0  000200000007 R_X86_64_JUMP_SLO 0000000000000000 __libc_start_main 
+ 0
0000006008f8  000300000007 R_X86_64_JUMP_SLO 0000000000000000 __gmon_start__ + 0

The decoding of unwind sections for machine type Advanced Micro Devices X86-64 i
s not currently supported.

Symbol table '.dynsym' contains 4 entries:
   Num:    Value          Size Type    Bind   Vis      Ndx Name
     0: 0000000000000000     0 NOTYPE  LOCAL  DEFAULT  UND
     1: 0000000000000000     0 FUNC    GLOBAL DEFAULT  UND puts@GLIBC_2.2.5 (2)
     2: 0000000000000000     0 FUNC    GLOBAL DEFAULT  UND __libc_start_main@GLI
BC_2.2.5 (2)
     3: 0000000000000000     0 NOTYPE  WEAK   DEFAULT  UND __gmon_start__

Symbol table '.symtab' contains 70 entries:
   Num:    Value          Size Type    Bind   Vis      Ndx Name
     0: 0000000000000000     0 NOTYPE  LOCAL  DEFAULT  UND
     1: 0000000000400200     0 SECTION LOCAL  DEFAULT    1
     2: 000000000040021c     0 SECTION LOCAL  DEFAULT    2
     3: 000000000040023c     0 SECTION LOCAL  DEFAULT    3
     4: 0000000000400260     0 SECTION LOCAL  DEFAULT    4
     5: 0000000000400280     0 SECTION LOCAL  DEFAULT    5
     6: 00000000004002e0     0 SECTION LOCAL  DEFAULT    6
     7: 000000000040031e     0 SECTION LOCAL  DEFAULT    7
     8: 0000000000400328     0 SECTION LOCAL  DEFAULT    8
     9: 0000000000400348     0 SECTION LOCAL  DEFAULT    9
    10: 0000000000400360     0 SECTION LOCAL  DEFAULT   10
    11: 00000000004003a8     0 SECTION LOCAL  DEFAULT   11
    12: 00000000004003d0     0 SECTION LOCAL  DEFAULT   12
    13: 0000000000400410     0 SECTION LOCAL  DEFAULT   13
    14: 00000000004005b4     0 SECTION LOCAL  DEFAULT   14
    15: 00000000004005c0     0 SECTION LOCAL  DEFAULT   15
    16: 00000000004005d4     0 SECTION LOCAL  DEFAULT   16
    17: 0000000000400608     0 SECTION LOCAL  DEFAULT   17
    18: 00000000006006e0     0 SECTION LOCAL  DEFAULT   18
    19: 00000000006006e8     0 SECTION LOCAL  DEFAULT   19
    20: 00000000006006f0     0 SECTION LOCAL  DEFAULT   20
    21: 00000000006006f8     0 SECTION LOCAL  DEFAULT   21
    22: 00000000006008c8     0 SECTION LOCAL  DEFAULT   22
    23: 00000000006008d0     0 SECTION LOCAL  DEFAULT   23
    24: 0000000000600900     0 SECTION LOCAL  DEFAULT   24
    25: 0000000000600910     0 SECTION LOCAL  DEFAULT   25
    26: 0000000000000000     0 SECTION LOCAL  DEFAULT   26
    27: 0000000000000000     0 SECTION LOCAL  DEFAULT   27
    28: 0000000000000000     0 SECTION LOCAL  DEFAULT   28
    29: 0000000000000000     0 SECTION LOCAL  DEFAULT   29
    30: 0000000000000000     0 SECTION LOCAL  DEFAULT   30
    31: 0000000000000000     0 SECTION LOCAL  DEFAULT   31
    32: 0000000000000000     0 FILE    LOCAL  DEFAULT  ABS crtstuff.c
    33: 00000000006006f0     0 OBJECT  LOCAL  DEFAULT   20 __JCR_LIST__
    34: 0000000000400440     0 FUNC    LOCAL  DEFAULT   13 deregister_tm_clones
    35: 0000000000400470     0 FUNC    LOCAL  DEFAULT   13 register_tm_clones
    36: 00000000004004b0     0 FUNC    LOCAL  DEFAULT   13 __do_global_dtors_aux
    37: 0000000000600910     1 OBJECT  LOCAL  DEFAULT   25 completed.6392
    38: 00000000006006e8     0 OBJECT  LOCAL  DEFAULT   19 __do_global_dtors_aux
_fin
    39: 00000000004004d0     0 FUNC    LOCAL  DEFAULT   13 frame_dummy
    40: 00000000006006e0     0 OBJECT  LOCAL  DEFAULT   18 __frame_dummy_init_ar
ray_
    41: 0000000000000000     0 FILE    LOCAL  DEFAULT  ABS hello.c
    42: 0000000000000000     0 FILE    LOCAL  DEFAULT  ABS crtstuff.c
    43: 00000000004006d8     0 OBJECT  LOCAL  DEFAULT   17 __FRAME_END__
    44: 00000000006006f0     0 OBJECT  LOCAL  DEFAULT   20 __JCR_END__
    45: 0000000000000000     0 FILE    LOCAL  DEFAULT  ABS
    46: 00000000006006e8     0 NOTYPE  LOCAL  DEFAULT   18 __init_array_end
    47: 00000000006006f8     0 OBJECT  LOCAL  DEFAULT   21 _DYNAMIC
    48: 00000000006006e0     0 NOTYPE  LOCAL  DEFAULT   18 __init_array_start
    49: 00000000006008d0     0 OBJECT  LOCAL  DEFAULT   23 _GLOBAL_OFFSET_TABLE_
    50: 00000000004005b0     2 FUNC    GLOBAL DEFAULT   13 __libc_csu_fini
    51: 0000000000000000     0 NOTYPE  WEAK   DEFAULT  UND _ITM_deregisterTMClon
eTab
    52: 0000000000600900     0 NOTYPE  WEAK   DEFAULT   24 data_start
    53: 0000000000000000     0 FUNC    GLOBAL DEFAULT  UND puts@@GLIBC_2.2.5
    54: 0000000000600910     0 NOTYPE  GLOBAL DEFAULT   24 _edata
    55: 00000000004005b4     0 FUNC    GLOBAL DEFAULT   14 _fini
    56: 0000000000000000     0 FUNC    GLOBAL DEFAULT  UND __libc_start_main@@GL
IBC_
    57: 0000000000600900     0 NOTYPE  GLOBAL DEFAULT   24 __data_start
    58: 0000000000000000     0 NOTYPE  WEAK   DEFAULT  UND __gmon_start__
    59: 0000000000600908     0 OBJECT  GLOBAL HIDDEN    24 __dso_handle
    60: 00000000004005c0     4 OBJECT  GLOBAL DEFAULT   15 _IO_stdin_used
    61: 0000000000400520   137 FUNC    GLOBAL DEFAULT   13 __libc_csu_init
    62: 0000000000600918     0 NOTYPE  GLOBAL DEFAULT   25 _end
    63: 0000000000400410     0 FUNC    GLOBAL DEFAULT   13 _start
    64: 0000000000600910     0 NOTYPE  GLOBAL DEFAULT   25 __bss_start
    65: 00000000004004fd    21 FUNC    GLOBAL DEFAULT   13 main
    66: 0000000000000000     0 NOTYPE  WEAK   DEFAULT  UND _Jv_RegisterClasses
    67: 0000000000600910     0 OBJECT  GLOBAL HIDDEN    24 __TMC_END__
    68: 0000000000000000     0 NOTYPE  WEAK   DEFAULT  UND _ITM_registerTMCloneT
able
    69: 00000000004003a8     0 FUNC    GLOBAL DEFAULT   11 _init

Version symbols section '.gnu.version' contains 4 entries:
 Addr: 000000000040031e  Offset: 0x00031e  Link: 5 (.dynsym)
  000:   0 (*local*)       2 (GLIBC_2.2.5)   2 (GLIBC_2.2.5)   0 (*local*)

Version needs section '.gnu.version_r' contains 1 entries:
 Addr: 0x0000000000400328  Offset: 0x000328  Link: 6 (.dynstr)
  000000: Version: 1  File: libc.so.6  Cnt: 1
  0x0010:   Name: GLIBC_2.2.5  Flags: none  Version: 2

Displaying notes found at file offset 0x0000021c with length 0x00000020:
  Owner                 Data size    Description
  GNU                  0x00000010    NT_GNU_ABI_TAG (ABI version tag)
    OS: Linux, ABI: 2.6.32

Displaying notes found at file offset 0x0000023c with length 0x00000024:
  Owner                 Data size    Description
  GNU                  0x00000014    NT_GNU_BUILD_ID (unique build ID bitstring)
    Build ID: f7125f2ecafbf711b930d4c63e8652bd59362338
