$ gcc -S hello.c
$ cat hello.s
    .file    "hello.c"
    .section    .rodata
.LC0:
    .string    "Hello, world!"
    .text
    .globl    main
    .type    main, @function
main:
.LFB2:
    .cfi_startproc
    pushq    %rbp
    .cfi_def_cfa_offset 16
    .cfi_offset 6, -16
    movq    %rsp, %rbp
    .cfi_def_cfa_register 6
    movl    $.LC0, %edi
    call    puts
    movl    $0, %eax
    popq    %rbp
    .cfi_def_cfa 7, 8
    ret
    .cfi_endproc
.LFE2:
    .size    main, .-main
    .ident    "GCC: (Debian 4.8.1-9) 4.8.1"
    .section    .note.GNU-stack,"",@progbits
