(gdb) start
Temporary breakpoint 1 at 0x400501: file hello.c, line 6.
warning: Could not load shared library symbols for linux-vdso.so.1.
Do you need "set solib-search-path" or "set sysroot"?

Temporary breakpoint 1, main () at hello.c:6
6        printf("Hello, world!\n");
(gdb) disas/m
Dump of assembler code for function main:
5    {
   0x00000000004004fd <+0>:    push   %rbp
   0x00000000004004fe <+1>:    mov    %rsp,%rbp

6        printf("Hello, world!\n");
=> 0x0000000000400501 <+4>:    mov    $0x4005c4,%edi
   0x0000000000400506 <+9>:    callq  0x4003e0 <puts@plt>

7        return EXIT_SUCCESS;
   0x000000000040050b <+14>:    mov    $0x0,%eax

8    }
   0x0000000000400510 <+19>:    pop    %rbp
   0x0000000000400511 <+20>:    retq

End of assembler dump.
