$ gcc -v -Wall -g -o hello-gdb hello.c
Using built-in specs.
COLLECT_GCC=gcc
COLLECT_LTO_WRAPPER=/usr/lib/gcc/x86_64-linux-gnu/4.8/lto-wrapper
Target: x86_64-linux-gnu
Configured with: ../src/configure -v --with-pkgversion='Debian 4.8.1-9' --with-b
ugurl=file:///usr/share/doc/gcc-4.8/README.Bugs --enable-languages=c,c++,java,go
,d,fortran,objc,obj-c++ --prefix=/usr --program-suffix=-4.8 --enable-shared --en
able-linker-build-id --libexecdir=/usr/lib --without-included-gettext --enable-t
hreads=posix --with-gxx-include-dir=/usr/include/c++/4.8 --libdir=/usr/lib --ena
ble-nls --with-sysroot=/ --enable-clocale=gnu --enable-libstdcxx-debug --enable-
libstdcxx-time=yes --enable-gnu-unique-object --enable-plugin --with-system-zlib
 --disable-browser-plugin --enable-java-awt=gtk --enable-gtk-cairo --with-java-h
ome=/usr/lib/jvm/java-1.5.0-gcj-4.8-amd64/jre --enable-java-home --with-jvm-root
-dir=/usr/lib/jvm/java-1.5.0-gcj-4.8-amd64 --with-jvm-jar-dir=/usr/lib/jvm-expor
ts/java-1.5.0-gcj-4.8-amd64 --with-arch-directory=amd64 --with-ecj-jar=/usr/shar
e/java/eclipse-ecj.jar --enable-objc-gc --enable-multiarch --with-arch-32=i586 -
-with-abi=m64 --with-multilib-list=m32,m64,mx32 --with-tune=generic --enable-che
cking=release --build=x86_64-linux-gnu --host=x86_64-linux-gnu --target=x86_64-l
inux-gnu
Thread model: posix
gcc version 4.8.1 (Debian 4.8.1-9)
COLLECT_GCC_OPTIONS='-v' '-Wall' '-g' '-o' 'hello-gdb' '-mtune=generic' '-march=
x86-64'
 /usr/lib/gcc/x86_64-linux-gnu/4.8/cc1 -quiet -v -imultiarch x86_64-linux-gnu he
llo.c -quiet -dumpbase hello.c -mtune=generic -march=x86-64 -auxbase hello -g -W
all -version -o /tmp/ccOf8WkQ.s
GNU C (Debian 4.8.1-9) version 4.8.1 (x86_64-linux-gnu)
    compiled by GNU C version 4.8.1, GMP version 5.1.2, MPFR version 3.1.1-p2, M
PC version 1.0.1
GGC heuristics: --param ggc-min-expand=100 --param ggc-min-heapsize=131072
ignoring nonexistent directory "/usr/local/include/x86_64-linux-gnu"
ignoring nonexistent directory "/usr/lib/gcc/x86_64-linux-gnu/4.8/../../../../x8
6_64-linux-gnu/include"
#include "..." search starts here:
#include <...> search starts here:
 /usr/lib/gcc/x86_64-linux-gnu/4.8/include
 /usr/local/include
 /usr/lib/gcc/x86_64-linux-gnu/4.8/include-fixed
 /usr/include/x86_64-linux-gnu
 /usr/include
End of search list.
GNU C (Debian 4.8.1-9) version 4.8.1 (x86_64-linux-gnu)
    compiled by GNU C version 4.8.1, GMP version 5.1.2, MPFR version 3.1.1-p2, M
PC version 1.0.1
GGC heuristics: --param ggc-min-expand=100 --param ggc-min-heapsize=131072
Compiler executable checksum: 7de91109c57f16a4863bda169a999c04
COLLECT_GCC_OPTIONS='-v' '-Wall' '-g' '-o' 'hello-gdb' '-mtune=generic' '-march=
x86-64'
 as -v --64 -o /tmp/ccejjg1t.o /tmp/ccOf8WkQ.s
GNU assembler version 2.23.52 (x86_64-linux-gnu) using BFD version (GNU Binutils
 for Debian) 2.23.52.20130727
COMPILER_PATH=/usr/lib/gcc/x86_64-linux-gnu/4.8/:/usr/lib/gcc/x86_64-linux-gnu/4
.8/:/usr/lib/gcc/x86_64-linux-gnu/:/usr/lib/gcc/x86_64-linux-gnu/4.8/:/usr/lib/g
cc/x86_64-linux-gnu/
LIBRARY_PATH=/usr/lib/gcc/x86_64-linux-gnu/4.8/:/usr/lib/gcc/x86_64-linux-gnu/4.
8/../../../x86_64-linux-gnu/:/usr/lib/gcc/x86_64-linux-gnu/4.8/../../../../lib/:
/lib/x86_64-linux-gnu/:/lib/../lib/:/usr/lib/x86_64-linux-gnu/:/usr/lib/../lib/:
/usr/lib/gcc/x86_64-linux-gnu/4.8/../../../:/lib/:/usr/lib/
COLLECT_GCC_OPTIONS='-v' '-Wall' '-g' '-o' 'hello-gdb' '-mtune=generic' '-march=
x86-64'
 /usr/lib/gcc/x86_64-linux-gnu/4.8/collect2 --sysroot=/ --build-id --eh-frame-hd
r -m elf_x86_64 --hash-style=gnu -dynamic-linker /lib64/ld-linux-x86-64.so.2 -o 
hello-gdb /usr/lib/gcc/x86_64-linux-gnu/4.8/../../../x86_64-linux-gnu/crt1.o /us
r/lib/gcc/x86_64-linux-gnu/4.8/../../../x86_64-linux-gnu/crti.o /usr/lib/gcc/x86
_64-linux-gnu/4.8/crtbegin.o -L/usr/lib/gcc/x86_64-linux-gnu/4.8 -L/usr/lib/gcc/
x86_64-linux-gnu/4.8/../../../x86_64-linux-gnu -L/usr/lib/gcc/x86_64-linux-gnu/4
.8/../../../../lib -L/lib/x86_64-linux-gnu -L/lib/../lib -L/usr/lib/x86_64-linux
-gnu -L/usr/lib/../lib -L/usr/lib/gcc/x86_64-linux-gnu/4.8/../../.. /tmp/ccejjg1
t.o -lgcc --as-needed -lgcc_s --no-as-needed -lc -lgcc --as-needed -lgcc_s --no-
as-needed /usr/lib/gcc/x86_64-linux-gnu/4.8/crtend.o /usr/lib/gcc/x86_64-linux-g
nu/4.8/../../../x86_64-linux-gnu/crtn.o
