$ valac -C hello-1.vala
$ wc -l hello-1.vala ; wc -l hello-1.c
4 hello-1.vala
33 hello-1.c
$ cat hello-1.c
/* hello-1.c generated by valac 0.20.1, the Vala compiler
 * generated from hello-1.vala, do not modify */


#include <glib.h>
#include <glib-object.h>
#include <stdlib.h>
#include <string.h>
#include <stdio.h>




gint _vala_main (gchar** args, int args_length1);


gint _vala_main (gchar** args, int args_length1) {
    gint result = 0;
    FILE* _tmp0_;
    _tmp0_ = stdout;
    fprintf (_tmp0_, "Hello, world!\n");
    result = 0;
    return result;
}


int main (int argc, char ** argv) {
    g_type_init ();
    return _vala_main (argv, argc);
}



